kotlin version: 1.8.20-Beta
error message: org.jetbrains.kotlin.backend.common.BackendException: Backend Internal error: Exception during psi2ir
File being compiled: C:/Users/sakth/OneDrive/Desktop/Master Thesis/Main-Github-Page/learning-MobileApp/app/src/main/java/com/example/chat_bot/Activities/Notification/Activity/Notification_fragment/NotificationFragment.kt
The root cause java.lang.RuntimeException was thrown at: org.jetbrains.kotlin.psi2ir.generators.GeneratorKt.getTypeInferredByFrontendOrFail(Generator.kt:52)
	at org.jetbrains.kotlin.backend.common.CodegenUtil.reportBackendException(CodegenUtil.kt:253)
	at org.jetbrains.kotlin.backend.common.CodegenUtil.reportBackendException$default(CodegenUtil.kt:237)
	at org.jetbrains.kotlin.psi2ir.generators.DeclarationGenerator.generateMemberDeclaration(DeclarationGenerator.kt:78)
	at org.jetbrains.kotlin.psi2ir.generators.DeclarationGenerator.generateClassMemberDeclaration(DeclarationGenerator.kt:101)
	at org.jetbrains.kotlin.psi2ir.generators.ClassGenerator.generateMembersDeclaredInClassBody(ClassGenerator.kt:491)
	at org.jetbrains.kotlin.psi2ir.generators.ClassGenerator.generateClass(ClassGenerator.kt:101)
	at org.jetbrains.kotlin.psi2ir.generators.ClassGenerator.generateClass$default(ClassGenerator.kt:63)
	at org.jetbrains.kotlin.psi2ir.generators.DeclarationGenerator.generateClassOrObjectDeclaration(DeclarationGenerator.kt:108)
	at org.jetbrains.kotlin.psi2ir.generators.DeclarationGenerator.generateMemberDeclaration(DeclarationGenerator.kt:53)
	at org.jetbrains.kotlin.psi2ir.generators.ModuleGenerator.generateSingleFile(ModuleGenerator.kt:73)
	at org.jetbrains.kotlin.psi2ir.generators.ModuleGenerator.generateModuleFragment(ModuleGenerator.kt:53)
	at org.jetbrains.kotlin.psi2ir.Psi2IrTranslator.generateModuleFragment(Psi2IrTranslator.kt:97)
	at org.jetbrains.kotlin.backend.jvm.JvmIrCodegenFactory.convertToIr(JvmIrCodegenFactory.kt:219)
	at org.jetbrains.kotlin.backend.jvm.JvmIrCodegenFactory.convertToIr(JvmIrCodegenFactory.kt:56)
	at org.jetbrains.kotlin.codegen.KotlinCodegenFacade.compileCorrectFiles(KotlinCodegenFacade.java:41)
	at org.jetbrains.kotlin.kapt3.AbstractKapt3Extension.contextForStubGeneration(Kapt3Extension.kt:280)
	at org.jetbrains.kotlin.kapt3.AbstractKapt3Extension.analysisCompleted(Kapt3Extension.kt:174)
	at org.jetbrains.kotlin.kapt3.ClasspathBasedKapt3Extension.analysisCompleted(Kapt3Extension.kt:104)
	at org.jetbrains.kotlin.cli.jvm.compiler.TopDownAnalyzerFacadeForJVM$analyzeFilesWithJavaIntegration$2.invoke(TopDownAnalyzerFacadeForJVM.kt:115)
	at org.jetbrains.kotlin.cli.jvm.compiler.TopDownAnalyzerFacadeForJVM.analyzeFilesWithJavaIntegration(TopDownAnalyzerFacadeForJVM.kt:125)
	at org.jetbrains.kotlin.cli.jvm.compiler.TopDownAnalyzerFacadeForJVM.analyzeFilesWithJavaIntegration$default(TopDownAnalyzerFacadeForJVM.kt:99)
	at org.jetbrains.kotlin.cli.jvm.compiler.KotlinToJVMBytecodeCompiler$analyze$1.invoke(KotlinToJVMBytecodeCompiler.kt:257)
	at org.jetbrains.kotlin.cli.jvm.compiler.KotlinToJVMBytecodeCompiler$analyze$1.invoke(KotlinToJVMBytecodeCompiler.kt:42)
	at org.jetbrains.kotlin.cli.common.messages.AnalyzerWithCompilerReport.analyzeAndReport(AnalyzerWithCompilerReport.kt:115)
	at org.jetbrains.kotlin.cli.jvm.compiler.KotlinToJVMBytecodeCompiler.analyze(KotlinToJVMBytecodeCompiler.kt:248)
	at org.jetbrains.kotlin.cli.jvm.compiler.KotlinToJVMBytecodeCompiler.compileModules$cli(KotlinToJVMBytecodeCompiler.kt:88)
	at org.jetbrains.kotlin.cli.jvm.compiler.KotlinToJVMBytecodeCompiler.compileModules$cli$default(KotlinToJVMBytecodeCompiler.kt:47)
	at org.jetbrains.kotlin.cli.jvm.K2JVMCompiler.doExecute(K2JVMCompiler.kt:168)
	at org.jetbrains.kotlin.cli.jvm.K2JVMCompiler.doExecute(K2JVMCompiler.kt:53)
	at org.jetbrains.kotlin.cli.common.CLICompiler.execImpl(CLICompiler.kt:100)
	at org.jetbrains.kotlin.cli.common.CLICompiler.execImpl(CLICompiler.kt:46)
	at org.jetbrains.kotlin.cli.common.CLITool.exec(CLITool.kt:101)
	at org.jetbrains.kotlin.incremental.IncrementalJvmCompilerRunner.runCompiler(IncrementalJvmCompilerRunner.kt:495)
	at org.jetbrains.kotlin.incremental.IncrementalJvmCompilerRunner.runCompiler(IncrementalJvmCompilerRunner.kt:133)
	at org.jetbrains.kotlin.incremental.IncrementalCompilerRunner.doCompile(IncrementalCompilerRunner.kt:486)
	at org.jetbrains.kotlin.incremental.IncrementalCompilerRunner.compileImpl(IncrementalCompilerRunner.kt:409)
	at org.jetbrains.kotlin.incremental.IncrementalCompilerRunner.tryCompileIncrementally$lambda$2$compile(IncrementalCompilerRunner.kt:210)
	at org.jetbrains.kotlin.incremental.IncrementalCompilerRunner.tryCompileIncrementally(IncrementalCompilerRunner.kt:241)
	at org.jetbrains.kotlin.incremental.IncrementalCompilerRunner.compile(IncrementalCompilerRunner.kt:103)
	at org.jetbrains.kotlin.daemon.CompileServiceImplBase.execIncrementalCompiler(CompileServiceImpl.kt:624)
	at org.jetbrains.kotlin.daemon.CompileServiceImplBase.access$execIncrementalCompiler(CompileServiceImpl.kt:98)
	at org.jetbrains.kotlin.daemon.CompileServiceImpl.compile(CompileServiceImpl.kt:1585)
	at java.base/jdk.internal.reflect.NativeMethodAccessorImpl.invoke0(Native Method)
	at java.base/jdk.internal.reflect.NativeMethodAccessorImpl.invoke(NativeMethodAccessorImpl.java:62)
	at java.base/jdk.internal.reflect.DelegatingMethodAccessorImpl.invoke(DelegatingMethodAccessorImpl.java:43)
	at java.base/java.lang.reflect.Method.invoke(Method.java:566)
	at java.rmi/sun.rmi.server.UnicastServerRef.dispatch(UnicastServerRef.java:359)
	at java.rmi/sun.rmi.transport.Transport$1.run(Transport.java:200)
	at java.rmi/sun.rmi.transport.Transport$1.run(Transport.java:197)
	at java.base/java.security.AccessController.doPrivileged(Native Method)
	at java.rmi/sun.rmi.transport.Transport.serviceCall(Transport.java:196)
	at java.rmi/sun.rmi.transport.tcp.TCPTransport.handleMessages(TCPTransport.java:562)
	at java.rmi/sun.rmi.transport.tcp.TCPTransport$ConnectionHandler.run0(TCPTransport.java:796)
	at java.rmi/sun.rmi.transport.tcp.TCPTransport$ConnectionHandler.lambda$run$0(TCPTransport.java:677)
	at java.base/java.security.AccessController.doPrivileged(Native Method)
	at java.rmi/sun.rmi.transport.tcp.TCPTransport$ConnectionHandler.run(TCPTransport.java:676)
	at java.base/java.util.concurrent.ThreadPoolExecutor.runWorker(ThreadPoolExecutor.java:1128)
	at java.base/java.util.concurrent.ThreadPoolExecutor$Worker.run(ThreadPoolExecutor.java:628)
	at java.base/java.lang.Thread.run(Thread.java:829)
Caused by: java.lang.RuntimeException: No type for expression: instance()
	at org.jetbrains.kotlin.psi2ir.generators.GeneratorKt.getTypeInferredByFrontendOrFail(Generator.kt:52)
	at org.jetbrains.kotlin.psi2ir.generators.DelegatedPropertyGenerator.getDelegatedPropertyDelegateType(DelegatedPropertyGenerator.kt:325)
	at org.jetbrains.kotlin.psi2ir.generators.DelegatedPropertyGenerator.access$getDelegatedPropertyDelegateType(DelegatedPropertyGenerator.kt:48)
	at org.jetbrains.kotlin.psi2ir.generators.DelegatedPropertyGenerator$generateDelegateFieldForProperty$1.invoke(DelegatedPropertyGenerator.kt:131)
	at org.jetbrains.kotlin.psi2ir.generators.DelegatedPropertyGenerator$generateDelegateFieldForProperty$1.invoke(DelegatedPropertyGenerator.kt:130)
	at org.jetbrains.kotlin.ir.util.TypeTranslator.withTypeErasure(TypeTranslator.kt:67)
	at org.jetbrains.kotlin.psi2ir.generators.DelegatedPropertyGenerator.generateDelegateFieldForProperty(DelegatedPropertyGenerator.kt:130)
	at org.jetbrains.kotlin.psi2ir.generators.DelegatedPropertyGenerator.generateDelegatedProperty(DelegatedPropertyGenerator.kt:64)
	at org.jetbrains.kotlin.psi2ir.generators.PropertyGenerator.generateDelegatedProperty(PropertyGenerator.kt:177)
	at org.jetbrains.kotlin.psi2ir.generators.PropertyGenerator.generatePropertyDeclaration(PropertyGenerator.kt:44)
	at org.jetbrains.kotlin.psi2ir.generators.DeclarationGenerator.generateMemberDeclaration(DeclarationGenerator.kt:51)
	... 56 more


